
> frontend-unab@0.0.0 build
> ng build --no-progress

(node:37660) [DEP0060] DeprecationWarning: The `util._extend` API is deprecated. Please use Object.assign() instead.
(Use `node --trace-deprecation ...` to show where the warning was created)
Error: error:0308010C:digital envelope routines::unsupported
    at new Hash (node:internal/crypto/hash:103:19)
    at Object.createHash (node:crypto:145:10)
    at module.exports (C:\www\proyecto-final-arquitectura\frontend-unab-master\node_modules\webpack\lib\util\createHash.js:135:53)
    at NormalModule._initBuildHash (C:\www\proyecto-final-arquitectura\frontend-unab-master\node_modules\webpack\lib\NormalModule.js:417:16)
    at handleParseError (C:\www\proyecto-final-arquitectura\frontend-unab-master\node_modules\webpack\lib\NormalModule.js:471:10)
    at C:\www\proyecto-final-arquitectura\frontend-unab-master\node_modules\webpack\lib\NormalModule.js:503:5
    at C:\www\proyecto-final-arquitectura\frontend-unab-master\node_modules\webpack\lib\NormalModule.js:358:12
    at C:\www\proyecto-final-arquitectura\frontend-unab-master\node_modules\loader-runner\lib\LoaderRunner.js:373:3
    at iterateNormalLoaders (C:\www\proyecto-final-arquitectura\frontend-unab-master\node_modules\loader-runner\lib\LoaderRunner.js:214:10)
    at C:\www\proyecto-final-arquitectura\frontend-unab-master\node_modules\loader-runner\lib\LoaderRunner.js:186:6
    at runSyncOrAsync (C:\www\proyecto-final-arquitectura\frontend-unab-master\node_modules\loader-runner\lib\LoaderRunner.js:130:11)
    at C:\www\proyecto-final-arquitectura\frontend-unab-master\node_modules\loader-runner\lib\LoaderRunner.js:178:3
    at loadLoader (C:\www\proyecto-final-arquitectura\frontend-unab-master\node_modules\loader-runner\lib\loadLoader.js:47:3)
    at iteratePitchingLoaders (C:\www\proyecto-final-arquitectura\frontend-unab-master\node_modules\loader-runner\lib\LoaderRunner.js:169:2)
    at runLoaders (C:\www\proyecto-final-arquitectura\frontend-unab-master\node_modules\loader-runner\lib\LoaderRunner.js:365:2)
    at NormalModule.doBuild (C:\www\proyecto-final-arquitectura\frontend-unab-master\node_modules\webpack\lib\NormalModule.js:295:3)
Error: error:0308010C:digital envelope routines::unsupported
    at new Hash (node:internal/crypto/hash:103:19)
    at Object.createHash (node:crypto:145:10)
    at module.exports (C:\www\proyecto-final-arquitectura\frontend-unab-master\node_modules\webpack\lib\util\createHash.js:135:53)
    at NormalModule._initBuildHash (C:\www\proyecto-final-arquitectura\frontend-unab-master\node_modules\webpack\lib\NormalModule.js:417:16)
    at handleParseError (C:\www\proyecto-final-arquitectura\frontend-unab-master\node_modules\webpack\lib\NormalModule.js:471:10)
    at C:\www\proyecto-final-arquitectura\frontend-unab-master\node_modules\webpack\lib\NormalModule.js:503:5
    at C:\www\proyecto-final-arquitectura\frontend-unab-master\node_modules\webpack\lib\NormalModule.js:358:12
    at C:\www\proyecto-final-arquitectura\frontend-unab-master\node_modules\loader-runner\lib\LoaderRunner.js:373:3
    at iterateNormalLoaders (C:\www\proyecto-final-arquitectura\frontend-unab-master\node_modules\loader-runner\lib\LoaderRunner.js:214:10)
    at C:\www\proyecto-final-arquitectura\frontend-unab-master\node_modules\loader-runner\lib\LoaderRunner.js:186:6
    at runSyncOrAsync (C:\www\proyecto-final-arquitectura\frontend-unab-master\node_modules\loader-runner\lib\LoaderRunner.js:130:11)
    at C:\www\proyecto-final-arquitectura\frontend-unab-master\node_modules\loader-runner\lib\LoaderRunner.js:178:3
    at loadLoader (C:\www\proyecto-final-arquitectura\frontend-unab-master\node_modules\loader-runner\lib\loadLoader.js:47:3)
    at iteratePitchingLoaders (C:\www\proyecto-final-arquitectura\frontend-unab-master\node_modules\loader-runner\lib\LoaderRunner.js:169:2)
    at runLoaders (C:\www\proyecto-final-arquitectura\frontend-unab-master\node_modules\loader-runner\lib\LoaderRunner.js:365:2)
    at NormalModule.doBuild (C:\www\proyecto-final-arquitectura\frontend-unab-master\node_modules\webpack\lib\NormalModule.js:295:3)
Error: error:0308010C:digital envelope routines::unsupported
    at new Hash (node:internal/crypto/hash:103:19)
    at Object.createHash (node:crypto:145:10)
    at module.exports (C:\www\proyecto-final-arquitectura\frontend-unab-master\node_modules\webpack\lib\util\createHash.js:135:53)
    at NormalModule._initBuildHash (C:\www\proyecto-final-arquitectura\frontend-unab-master\node_modules\webpack\lib\NormalModule.js:417:16)
    at handleParseError (C:\www\proyecto-final-arquitectura\frontend-unab-master\node_modules\webpack\lib\NormalModule.js:471:10)
    at C:\www\proyecto-final-arquitectura\frontend-unab-master\node_modules\webpack\lib\NormalModule.js:503:5
    at C:\www\proyecto-final-arquitectura\frontend-unab-master\node_modules\webpack\lib\NormalModule.js:358:12
    at C:\www\proyecto-final-arquitectura\frontend-unab-master\node_modules\loader-runner\lib\LoaderRunner.js:373:3
    at iterateNormalLoaders (C:\www\proyecto-final-arquitectura\frontend-unab-master\node_modules\loader-runner\lib\LoaderRunner.js:214:10)
    at C:\www\proyecto-final-arquitectura\frontend-unab-master\node_modules\loader-runner\lib\LoaderRunner.js:186:6
    at runSyncOrAsync (C:\www\proyecto-final-arquitectura\frontend-unab-master\node_modules\loader-runner\lib\LoaderRunner.js:130:11)
    at C:\www\proyecto-final-arquitectura\frontend-unab-master\node_modules\loader-runner\lib\LoaderRunner.js:178:3
    at loadLoader (C:\www\proyecto-final-arquitectura\frontend-unab-master\node_modules\loader-runner\lib\loadLoader.js:47:3)
    at iteratePitchingLoaders (C:\www\proyecto-final-arquitectura\frontend-unab-master\node_modules\loader-runner\lib\LoaderRunner.js:169:2)
    at runLoaders (C:\www\proyecto-final-arquitectura\frontend-unab-master\node_modules\loader-runner\lib\LoaderRunner.js:365:2)
    at NormalModule.doBuild (C:\www\proyecto-final-arquitectura\frontend-unab-master\node_modules\webpack\lib\NormalModule.js:295:3)
Error: error:0308010C:digital envelope routines::unsupported
    at new Hash (node:internal/crypto/hash:103:19)
    at Object.createHash (node:crypto:145:10)
    at module.exports (C:\www\proyecto-final-arquitectura\frontend-unab-master\node_modules\webpack\lib\util\createHash.js:135:53)
    at NormalModule._initBuildHash (C:\www\proyecto-final-arquitectura\frontend-unab-master\node_modules\webpack\lib\NormalModule.js:417:16)
    at handleParseError (C:\www\proyecto-final-arquitectura\frontend-unab-master\node_modules\webpack\lib\NormalModule.js:471:10)
    at C:\www\proyecto-final-arquitectura\frontend-unab-master\node_modules\webpack\lib\NormalModule.js:503:5
    at C:\www\proyecto-final-arquitectura\frontend-unab-master\node_modules\webpack\lib\NormalModule.js:358:12
    at C:\www\proyecto-final-arquitectura\frontend-unab-master\node_modules\loader-runner\lib\LoaderRunner.js:373:3
    at iterateNormalLoaders (C:\www\proyecto-final-arquitectura\frontend-unab-master\node_modules\loader-runner\lib\LoaderRunner.js:214:10)
    at C:\www\proyecto-final-arquitectura\frontend-unab-master\node_modules\loader-runner\lib\LoaderRunner.js:186:6
    at runSyncOrAsync (C:\www\proyecto-final-arquitectura\frontend-unab-master\node_modules\loader-runner\lib\LoaderRunner.js:130:11)
    at C:\www\proyecto-final-arquitectura\frontend-unab-master\node_modules\loader-runner\lib\LoaderRunner.js:178:3
    at loadLoader (C:\www\proyecto-final-arquitectura\frontend-unab-master\node_modules\loader-runner\lib\loadLoader.js:47:3)
    at iteratePitchingLoaders (C:\www\proyecto-final-arquitectura\frontend-unab-master\node_modules\loader-runner\lib\LoaderRunner.js:169:2)
    at runLoaders (C:\www\proyecto-final-arquitectura\frontend-unab-master\node_modules\loader-runner\lib\LoaderRunner.js:365:2)
    at NormalModule.doBuild (C:\www\proyecto-final-arquitectura\frontend-unab-master\node_modules\webpack\lib\NormalModule.js:295:3)
Error: error:0308010C:digital envelope routines::unsupported
    at new Hash (node:internal/crypto/hash:103:19)
    at Object.createHash (node:crypto:145:10)
    at module.exports (C:\www\proyecto-final-arquitectura\frontend-unab-master\node_modules\webpack\lib\util\createHash.js:135:53)
    at NormalModule._initBuildHash (C:\www\proyecto-final-arquitectura\frontend-unab-master\node_modules\webpack\lib\NormalModule.js:417:16)
    at handleParseError (C:\www\proyecto-final-arquitectura\frontend-unab-master\node_modules\webpack\lib\NormalModule.js:471:10)
    at C:\www\proyecto-final-arquitectura\frontend-unab-master\node_modules\webpack\lib\NormalModule.js:503:5
    at C:\www\proyecto-final-arquitectura\frontend-unab-master\node_modules\webpack\lib\NormalModule.js:358:12
    at C:\www\proyecto-final-arquitectura\frontend-unab-master\node_modules\loader-runner\lib\LoaderRunner.js:373:3
    at iterateNormalLoaders (C:\www\proyecto-final-arquitectura\frontend-unab-master\node_modules\loader-runner\lib\LoaderRunner.js:214:10)
    at C:\www\proyecto-final-arquitectura\frontend-unab-master\node_modules\loader-runner\lib\LoaderRunner.js:186:6
    at runSyncOrAsync (C:\www\proyecto-final-arquitectura\frontend-unab-master\node_modules\loader-runner\lib\LoaderRunner.js:130:11)
    at C:\www\proyecto-final-arquitectura\frontend-unab-master\node_modules\loader-runner\lib\LoaderRunner.js:178:3
    at loadLoader (C:\www\proyecto-final-arquitectura\frontend-unab-master\node_modules\loader-runner\lib\loadLoader.js:47:3)
    at iteratePitchingLoaders (C:\www\proyecto-final-arquitectura\frontend-unab-master\node_modules\loader-runner\lib\LoaderRunner.js:169:2)
    at runLoaders (C:\www\proyecto-final-arquitectura\frontend-unab-master\node_modules\loader-runner\lib\LoaderRunner.js:365:2)
    at NormalModule.doBuild (C:\www\proyecto-final-arquitectura\frontend-unab-master\node_modules\webpack\lib\NormalModule.js:295:3)
Error: error:0308010C:digital envelope routines::unsupported
    at new Hash (node:internal/crypto/hash:103:19)
    at Object.createHash (node:crypto:145:10)
    at module.exports (C:\www\proyecto-final-arquitectura\frontend-unab-master\node_modules\webpack\lib\util\createHash.js:135:53)
    at NormalModule._initBuildHash (C:\www\proyecto-final-arquitectura\frontend-unab-master\node_modules\webpack\lib\NormalModule.js:417:16)
    at handleParseError (C:\www\proyecto-final-arquitectura\frontend-unab-master\node_modules\webpack\lib\NormalModule.js:471:10)
    at C:\www\proyecto-final-arquitectura\frontend-unab-master\node_modules\webpack\lib\NormalModule.js:503:5
    at C:\www\proyecto-final-arquitectura\frontend-unab-master\node_modules\webpack\lib\NormalModule.js:358:12
    at C:\www\proyecto-final-arquitectura\frontend-unab-master\node_modules\loader-runner\lib\LoaderRunner.js:373:3
    at iterateNormalLoaders (C:\www\proyecto-final-arquitectura\frontend-unab-master\node_modules\loader-runner\lib\LoaderRunner.js:214:10)
    at C:\www\proyecto-final-arquitectura\frontend-unab-master\node_modules\loader-runner\lib\LoaderRunner.js:186:6
    at runSyncOrAsync (C:\www\proyecto-final-arquitectura\frontend-unab-master\node_modules\loader-runner\lib\LoaderRunner.js:130:11)
    at C:\www\proyecto-final-arquitectura\frontend-unab-master\node_modules\loader-runner\lib\LoaderRunner.js:178:3
    at loadLoader (C:\www\proyecto-final-arquitectura\frontend-unab-master\node_modules\loader-runner\lib\loadLoader.js:47:3)
    at iteratePitchingLoaders (C:\www\proyecto-final-arquitectura\frontend-unab-master\node_modules\loader-runner\lib\LoaderRunner.js:169:2)
    at runLoaders (C:\www\proyecto-final-arquitectura\frontend-unab-master\node_modules\loader-runner\lib\LoaderRunner.js:365:2)
    at NormalModule.doBuild (C:\www\proyecto-final-arquitectura\frontend-unab-master\node_modules\webpack\lib\NormalModule.js:295:3)
Error: error:0308010C:digital envelope routines::unsupported
    at new Hash (node:internal/crypto/hash:103:19)
    at Object.createHash (node:crypto:145:10)
    at module.exports (C:\www\proyecto-final-arquitectura\frontend-unab-master\node_modules\webpack\lib\util\createHash.js:135:53)
    at NormalModule._initBuildHash (C:\www\proyecto-final-arquitectura\frontend-unab-master\node_modules\webpack\lib\NormalModule.js:417:16)
    at handleParseError (C:\www\proyecto-final-arquitectura\frontend-unab-master\node_modules\webpack\lib\NormalModule.js:471:10)
    at C:\www\proyecto-final-arquitectura\frontend-unab-master\node_modules\webpack\lib\NormalModule.js:503:5
    at C:\www\proyecto-final-arquitectura\frontend-unab-master\node_modules\webpack\lib\NormalModule.js:358:12
    at C:\www\proyecto-final-arquitectura\frontend-unab-master\node_modules\loader-runner\lib\LoaderRunner.js:373:3
    at iterateNormalLoaders (C:\www\proyecto-final-arquitectura\frontend-unab-master\node_modules\loader-runner\lib\LoaderRunner.js:214:10)
    at C:\www\proyecto-final-arquitectura\frontend-unab-master\node_modules\loader-runner\lib\LoaderRunner.js:186:6
    at runSyncOrAsync (C:\www\proyecto-final-arquitectura\frontend-unab-master\node_modules\loader-runner\lib\LoaderRunner.js:130:11)
    at C:\www\proyecto-final-arquitectura\frontend-unab-master\node_modules\loader-runner\lib\LoaderRunner.js:178:3
    at loadLoader (C:\www\proyecto-final-arquitectura\frontend-unab-master\node_modules\loader-runner\lib\loadLoader.js:47:3)
    at iteratePitchingLoaders (C:\www\proyecto-final-arquitectura\frontend-unab-master\node_modules\loader-runner\lib\LoaderRunner.js:169:2)
    at runLoaders (C:\www\proyecto-final-arquitectura\frontend-unab-master\node_modules\loader-runner\lib\LoaderRunner.js:365:2)
    at NormalModule.doBuild (C:\www\proyecto-final-arquitectura\frontend-unab-master\node_modules\webpack\lib\NormalModule.js:295:3)
Error: error:0308010C:digital envelope routines::unsupported
    at new Hash (node:internal/crypto/hash:103:19)
    at Object.createHash (node:crypto:145:10)
    at module.exports (C:\www\proyecto-final-arquitectura\frontend-unab-master\node_modules\webpack\lib\util\createHash.js:135:53)
    at NormalModule._initBuildHash (C:\www\proyecto-final-arquitectura\frontend-unab-master\node_modules\webpack\lib\NormalModule.js:417:16)
    at handleParseError (C:\www\proyecto-final-arquitectura\frontend-unab-master\node_modules\webpack\lib\NormalModule.js:471:10)
    at C:\www\proyecto-final-arquitectura\frontend-unab-master\node_modules\webpack\lib\NormalModule.js:503:5
    at C:\www\proyecto-final-arquitectura\frontend-unab-master\node_modules\webpack\lib\NormalModule.js:358:12
    at C:\www\proyecto-final-arquitectura\frontend-unab-master\node_modules\loader-runner\lib\LoaderRunner.js:373:3
    at iterateNormalLoaders (C:\www\proyecto-final-arquitectura\frontend-unab-master\node_modules\loader-runner\lib\LoaderRunner.js:214:10)
    at iterateNormalLoaders (C:\www\proyecto-final-arquitectura\frontend-unab-master\node_modules\loader-runner\lib\LoaderRunner.js:221:10)
    at C:\www\proyecto-final-arquitectura\frontend-unab-master\node_modules\loader-runner\lib\LoaderRunner.js:236:3
    at runSyncOrAsync (C:\www\proyecto-final-arquitectura\frontend-unab-master\node_modules\loader-runner\lib\LoaderRunner.js:130:11)
    at iterateNormalLoaders (C:\www\proyecto-final-arquitectura\frontend-unab-master\node_modules\loader-runner\lib\LoaderRunner.js:232:2)
    at iterateNormalLoaders (C:\www\proyecto-final-arquitectura\frontend-unab-master\node_modules\loader-runner\lib\LoaderRunner.js:221:10)
    at C:\www\proyecto-final-arquitectura\frontend-unab-master\node_modules\loader-runner\lib\LoaderRunner.js:236:3
    at context.callback (C:\www\proyecto-final-arquitectura\frontend-unab-master\node_modules\loader-runner\lib\LoaderRunner.js:111:13)
Error: error:0308010C:digital envelope routines::unsupported
    at new Hash (node:internal/crypto/hash:103:19)
    at Object.createHash (node:crypto:145:10)
    at module.exports (C:\www\proyecto-final-arquitectura\frontend-unab-master\node_modules\webpack\lib\util\createHash.js:135:53)
    at NormalModule._initBuildHash (C:\www\proyecto-final-arquitectura\frontend-unab-master\node_modules\webpack\lib\NormalModule.js:417:16)
    at handleParseError (C:\www\proyecto-final-arquitectura\frontend-unab-master\node_modules\webpack\lib\NormalModule.js:471:10)
    at C:\www\proyecto-final-arquitectura\frontend-unab-master\node_modules\webpack\lib\NormalModule.js:503:5
    at C:\www\proyecto-final-arquitectura\frontend-unab-master\node_modules\webpack\lib\NormalModule.js:358:12
    at C:\www\proyecto-final-arquitectura\frontend-unab-master\node_modules\loader-runner\lib\LoaderRunner.js:373:3
    at iterateNormalLoaders (C:\www\proyecto-final-arquitectura\frontend-unab-master\node_modules\loader-runner\lib\LoaderRunner.js:214:10)
    at iterateNormalLoaders (C:\www\proyecto-final-arquitectura\frontend-unab-master\node_modules\loader-runner\lib\LoaderRunner.js:221:10)
    at C:\www\proyecto-final-arquitectura\frontend-unab-master\node_modules\loader-runner\lib\LoaderRunner.js:236:3
    at runSyncOrAsync (C:\www\proyecto-final-arquitectura\frontend-unab-master\node_modules\loader-runner\lib\LoaderRunner.js:130:11)
    at iterateNormalLoaders (C:\www\proyecto-final-arquitectura\frontend-unab-master\node_modules\loader-runner\lib\LoaderRunner.js:232:2)
    at iterateNormalLoaders (C:\www\proyecto-final-arquitectura\frontend-unab-master\node_modules\loader-runner\lib\LoaderRunner.js:221:10)
    at C:\www\proyecto-final-arquitectura\frontend-unab-master\node_modules\loader-runner\lib\LoaderRunner.js:236:3
    at context.callback (C:\www\proyecto-final-arquitectura\frontend-unab-master\node_modules\loader-runner\lib\LoaderRunner.js:111:13)
Error: error:0308010C:digital envelope routines::unsupported
    at new Hash (node:internal/crypto/hash:103:19)
    at Object.createHash (node:crypto:145:10)
    at module.exports (C:\www\proyecto-final-arquitectura\frontend-unab-master\node_modules\webpack\lib\util\createHash.js:135:53)
    at NormalModule._initBuildHash (C:\www\proyecto-final-arquitectura\frontend-unab-master\node_modules\webpack\lib\NormalModule.js:417:16)
    at handleParseError (C:\www\proyecto-final-arquitectura\frontend-unab-master\node_modules\webpack\lib\NormalModule.js:471:10)
    at C:\www\proyecto-final-arquitectura\frontend-unab-master\node_modules\webpack\lib\NormalModule.js:503:5
    at C:\www\proyecto-final-arquitectura\frontend-unab-master\node_modules\webpack\lib\NormalModule.js:358:12
    at C:\www\proyecto-final-arquitectura\frontend-unab-master\node_modules\loader-runner\lib\LoaderRunner.js:373:3
    at iterateNormalLoaders (C:\www\proyecto-final-arquitectura\frontend-unab-master\node_modules\loader-runner\lib\LoaderRunner.js:214:10)
    at iterateNormalLoaders (C:\www\proyecto-final-arquitectura\frontend-unab-master\node_modules\loader-runner\lib\LoaderRunner.js:221:10)
    at C:\www\proyecto-final-arquitectura\frontend-unab-master\node_modules\loader-runner\lib\LoaderRunner.js:236:3
    at runSyncOrAsync (C:\www\proyecto-final-arquitectura\frontend-unab-master\node_modules\loader-runner\lib\LoaderRunner.js:130:11)
    at iterateNormalLoaders (C:\www\proyecto-final-arquitectura\frontend-unab-master\node_modules\loader-runner\lib\LoaderRunner.js:232:2)
    at iterateNormalLoaders (C:\www\proyecto-final-arquitectura\frontend-unab-master\node_modules\loader-runner\lib\LoaderRunner.js:221:10)
    at C:\www\proyecto-final-arquitectura\frontend-unab-master\node_modules\loader-runner\lib\LoaderRunner.js:236:3
    at context.callback (C:\www\proyecto-final-arquitectura\frontend-unab-master\node_modules\loader-runner\lib\LoaderRunner.js:111:13)
Error: error:0308010C:digital envelope routines::unsupported
    at new Hash (node:internal/crypto/hash:103:19)
    at Object.createHash (node:crypto:145:10)
    at module.exports (C:\www\proyecto-final-arquitectura\frontend-unab-master\node_modules\webpack\lib\util\createHash.js:135:53)
    at NormalModule._initBuildHash (C:\www\proyecto-final-arquitectura\frontend-unab-master\node_modules\webpack\lib\NormalModule.js:417:16)
    at handleParseError (C:\www\proyecto-final-arquitectura\frontend-unab-master\node_modules\webpack\lib\NormalModule.js:471:10)
    at C:\www\proyecto-final-arquitectura\frontend-unab-master\node_modules\webpack\lib\NormalModule.js:503:5
    at C:\www\proyecto-final-arquitectura\frontend-unab-master\node_modules\webpack\lib\NormalModule.js:358:12
    at C:\www\proyecto-final-arquitectura\frontend-unab-master\node_modules\loader-runner\lib\LoaderRunner.js:373:3
    at iterateNormalLoaders (C:\www\proyecto-final-arquitectura\frontend-unab-master\node_modules\loader-runner\lib\LoaderRunner.js:214:10)
    at iterateNormalLoaders (C:\www\proyecto-final-arquitectura\frontend-unab-master\node_modules\loader-runner\lib\LoaderRunner.js:221:10)
    at C:\www\proyecto-final-arquitectura\frontend-unab-master\node_modules\loader-runner\lib\LoaderRunner.js:236:3
    at runSyncOrAsync (C:\www\proyecto-final-arquitectura\frontend-unab-master\node_modules\loader-runner\lib\LoaderRunner.js:130:11)
    at iterateNormalLoaders (C:\www\proyecto-final-arquitectura\frontend-unab-master\node_modules\loader-runner\lib\LoaderRunner.js:232:2)
    at iterateNormalLoaders (C:\www\proyecto-final-arquitectura\frontend-unab-master\node_modules\loader-runner\lib\LoaderRunner.js:221:10)
    at C:\www\proyecto-final-arquitectura\frontend-unab-master\node_modules\loader-runner\lib\LoaderRunner.js:236:3
    at context.callback (C:\www\proyecto-final-arquitectura\frontend-unab-master\node_modules\loader-runner\lib\LoaderRunner.js:111:13)
Error: error:0308010C:digital envelope routines::unsupported
    at new Hash (node:internal/crypto/hash:103:19)
    at Object.createHash (node:crypto:145:10)
    at module.exports (C:\www\proyecto-final-arquitectura\frontend-unab-master\node_modules\webpack\lib\util\createHash.js:135:53)
    at NormalModule._initBuildHash (C:\www\proyecto-final-arquitectura\frontend-unab-master\node_modules\webpack\lib\NormalModule.js:417:16)
    at handleParseError (C:\www\proyecto-final-arquitectura\frontend-unab-master\node_modules\webpack\lib\NormalModule.js:471:10)
    at C:\www\proyecto-final-arquitectura\frontend-unab-master\node_modules\webpack\lib\NormalModule.js:503:5
    at C:\www\proyecto-final-arquitectura\frontend-unab-master\node_modules\webpack\lib\NormalModule.js:358:12
    at C:\www\proyecto-final-arquitectura\frontend-unab-master\node_modules\loader-runner\lib\LoaderRunner.js:373:3
    at iterateNormalLoaders (C:\www\proyecto-final-arquitectura\frontend-unab-master\node_modules\loader-runner\lib\LoaderRunner.js:214:10)
    at iterateNormalLoaders (C:\www\proyecto-final-arquitectura\frontend-unab-master\node_modules\loader-runner\lib\LoaderRunner.js:221:10)
    at C:\www\proyecto-final-arquitectura\frontend-unab-master\node_modules\loader-runner\lib\LoaderRunner.js:236:3
    at runSyncOrAsync (C:\www\proyecto-final-arquitectura\frontend-unab-master\node_modules\loader-runner\lib\LoaderRunner.js:130:11)
    at iterateNormalLoaders (C:\www\proyecto-final-arquitectura\frontend-unab-master\node_modules\loader-runner\lib\LoaderRunner.js:232:2)
    at iterateNormalLoaders (C:\www\proyecto-final-arquitectura\frontend-unab-master\node_modules\loader-runner\lib\LoaderRunner.js:221:10)
    at C:\www\proyecto-final-arquitectura\frontend-unab-master\node_modules\loader-runner\lib\LoaderRunner.js:236:3
    at context.callback (C:\www\proyecto-final-arquitectura\frontend-unab-master\node_modules\loader-runner\lib\LoaderRunner.js:111:13)
Error: error:0308010C:digital envelope routines::unsupported
    at new Hash (node:internal/crypto/hash:103:19)
    at Object.createHash (node:crypto:145:10)
    at module.exports (C:\www\proyecto-final-arquitectura\frontend-unab-master\node_modules\webpack\lib\util\createHash.js:135:53)
    at NormalModule._initBuildHash (C:\www\proyecto-final-arquitectura\frontend-unab-master\node_modules\webpack\lib\NormalModule.js:417:16)
    at handleParseError (C:\www\proyecto-final-arquitectura\frontend-unab-master\node_modules\webpack\lib\NormalModule.js:471:10)
    at C:\www\proyecto-final-arquitectura\frontend-unab-master\node_modules\webpack\lib\NormalModule.js:503:5
    at C:\www\proyecto-final-arquitectura\frontend-unab-master\node_modules\webpack\lib\NormalModule.js:358:12
    at C:\www\proyecto-final-arquitectura\frontend-unab-master\node_modules\loader-runner\lib\LoaderRunner.js:373:3
    at iterateNormalLoaders (C:\www\proyecto-final-arquitectura\frontend-unab-master\node_modules\loader-runner\lib\LoaderRunner.js:214:10)
    at iterateNormalLoaders (C:\www\proyecto-final-arquitectura\frontend-unab-master\node_modules\loader-runner\lib\LoaderRunner.js:221:10)
    at C:\www\proyecto-final-arquitectura\frontend-unab-master\node_modules\loader-runner\lib\LoaderRunner.js:236:3
    at runSyncOrAsync (C:\www\proyecto-final-arquitectura\frontend-unab-master\node_modules\loader-runner\lib\LoaderRunner.js:130:11)
    at iterateNormalLoaders (C:\www\proyecto-final-arquitectura\frontend-unab-master\node_modules\loader-runner\lib\LoaderRunner.js:232:2)
    at iterateNormalLoaders (C:\www\proyecto-final-arquitectura\frontend-unab-master\node_modules\loader-runner\lib\LoaderRunner.js:221:10)
    at C:\www\proyecto-final-arquitectura\frontend-unab-master\node_modules\loader-runner\lib\LoaderRunner.js:236:3
    at context.callback (C:\www\proyecto-final-arquitectura\frontend-unab-master\node_modules\loader-runner\lib\LoaderRunner.js:111:13)
Error: error:0308010C:digital envelope routines::unsupported
    at new Hash (node:internal/crypto/hash:103:19)
    at Object.createHash (node:crypto:145:10)
    at module.exports (C:\www\proyecto-final-arquitectura\frontend-unab-master\node_modules\webpack\lib\util\createHash.js:135:53)
    at NormalModule._initBuildHash (C:\www\proyecto-final-arquitectura\frontend-unab-master\node_modules\webpack\lib\NormalModule.js:417:16)
    at handleParseError (C:\www\proyecto-final-arquitectura\frontend-unab-master\node_modules\webpack\lib\NormalModule.js:471:10)
    at C:\www\proyecto-final-arquitectura\frontend-unab-master\node_modules\webpack\lib\NormalModule.js:503:5
    at C:\www\proyecto-final-arquitectura\frontend-unab-master\node_modules\webpack\lib\NormalModule.js:358:12
    at C:\www\proyecto-final-arquitectura\frontend-unab-master\node_modules\loader-runner\lib\LoaderRunner.js:373:3
    at iterateNormalLoaders (C:\www\proyecto-final-arquitectura\frontend-unab-master\node_modules\loader-runner\lib\LoaderRunner.js:214:10)
    at iterateNormalLoaders (C:\www\proyecto-final-arquitectura\frontend-unab-master\node_modules\loader-runner\lib\LoaderRunner.js:221:10)
    at C:\www\proyecto-final-arquitectura\frontend-unab-master\node_modules\loader-runner\lib\LoaderRunner.js:236:3
    at runSyncOrAsync (C:\www\proyecto-final-arquitectura\frontend-unab-master\node_modules\loader-runner\lib\LoaderRunner.js:130:11)
    at iterateNormalLoaders (C:\www\proyecto-final-arquitectura\frontend-unab-master\node_modules\loader-runner\lib\LoaderRunner.js:232:2)
    at iterateNormalLoaders (C:\www\proyecto-final-arquitectura\frontend-unab-master\node_modules\loader-runner\lib\LoaderRunner.js:221:10)
    at C:\www\proyecto-final-arquitectura\frontend-unab-master\node_modules\loader-runner\lib\LoaderRunner.js:236:3
    at context.callback (C:\www\proyecto-final-arquitectura\frontend-unab-master\node_modules\loader-runner\lib\LoaderRunner.js:111:13)
Error: error:0308010C:digital envelope routines::unsupported
    at new Hash (node:internal/crypto/hash:103:19)
    at Object.createHash (node:crypto:145:10)
    at module.exports (C:\www\proyecto-final-arquitectura\frontend-unab-master\node_modules\webpack\lib\util\createHash.js:135:53)
    at NormalModule._initBuildHash (C:\www\proyecto-final-arquitectura\frontend-unab-master\node_modules\webpack\lib\NormalModule.js:417:16)
    at handleParseError (C:\www\proyecto-final-arquitectura\frontend-unab-master\node_modules\webpack\lib\NormalModule.js:471:10)
    at C:\www\proyecto-final-arquitectura\frontend-unab-master\node_modules\webpack\lib\NormalModule.js:503:5
    at C:\www\proyecto-final-arquitectura\frontend-unab-master\node_modules\webpack\lib\NormalModule.js:358:12
    at C:\www\proyecto-final-arquitectura\frontend-unab-master\node_modules\loader-runner\lib\LoaderRunner.js:373:3
    at iterateNormalLoaders (C:\www\proyecto-final-arquitectura\frontend-unab-master\node_modules\loader-runner\lib\LoaderRunner.js:214:10)
    at C:\www\proyecto-final-arquitectura\frontend-unab-master\node_modules\loader-runner\lib\LoaderRunner.js:186:6
    at runSyncOrAsync (C:\www\proyecto-final-arquitectura\frontend-unab-master\node_modules\loader-runner\lib\LoaderRunner.js:130:11)
    at C:\www\proyecto-final-arquitectura\frontend-unab-master\node_modules\loader-runner\lib\LoaderRunner.js:178:3
    at loadLoader (C:\www\proyecto-final-arquitectura\frontend-unab-master\node_modules\loader-runner\lib\loadLoader.js:47:3)
    at iteratePitchingLoaders (C:\www\proyecto-final-arquitectura\frontend-unab-master\node_modules\loader-runner\lib\LoaderRunner.js:169:2)
    at runLoaders (C:\www\proyecto-final-arquitectura\frontend-unab-master\node_modules\loader-runner\lib\LoaderRunner.js:365:2)
    at NormalModule.doBuild (C:\www\proyecto-final-arquitectura\frontend-unab-master\node_modules\webpack\lib\NormalModule.js:295:3)
